#
# There is insufficient memory for the Java Runtime Environment to continue.
# Native memory allocation (malloc) failed to allocate 1048576 bytes. Error detail: AllocateHeap
# Possible reasons:
#   The system is out of physical RAM or swap space
#   This process is running with CompressedOops enabled, and the Java Heap may be blocking the growth of the native heap
# Possible solutions:
#   Reduce memory load on the system
#   Increase physical memory or swap space
#   Check if swap backing store is full
#   Decrease Java heap size (-Xmx/-Xms)
#   Decrease number of Java threads
#   Decrease Java thread stack sizes (-Xss)
#   Set larger code cache with -XX:ReservedCodeCacheSize=
#   JVM is running with Unscaled Compressed Oops mode in which the Java heap is
#     placed in the first 4GB address space. The Java Heap base address is the
#     maximum limit for the native heap growth. Please use -XX:HeapBaseMinAddress
#     to set the Java Heap base and to place the Java Heap above 4GB virtual address.
# This output file may be truncated or incomplete.
#
#  Out of Memory Error (allocation.cpp:44), pid=10080, tid=8732
#
# JRE version: OpenJDK Runtime Environment Temurin-21.0.9+10 (21.0.9+10) (build 21.0.9+10-LTS)
# Java VM: OpenJDK 64-Bit Server VM Temurin-21.0.9+10 (21.0.9+10-LTS, mixed mode, sharing, tiered, compressed oops, compressed class ptrs, parallel gc, windows-amd64)
# No core dump will be written. Minidumps are not enabled by default on client versions of Windows
#

---------------  S U M M A R Y ------------

Command Line: --add-modules=ALL-SYSTEM --add-opens=java.base/java.util=ALL-UNNAMED --add-opens=java.base/java.lang=ALL-UNNAMED --add-opens=java.base/sun.nio.fs=ALL-UNNAMED -Declipse.application=org.eclipse.jdt.ls.core.id1 -Dosgi.bundles.defaultStartLevel=4 -Declipse.product=org.eclipse.jdt.ls.core.product -Djava.import.generatesMetadataFilesAtProjectRoot=false -DDetectVMInstallationsJob.disabled=true -Dfile.encoding=utf8 -XX:+UseParallelGC -XX:GCTimeRatio=4 -XX:AdaptiveSizePolicyWeight=90 -Dsun.zip.disableMemoryMapping=true -Xmx2G -Xms100m -Xlog:disable -javaagent:c:\Users\Admin\.cursor\extensions\redhat.java-1.50.0-win32-x64\lombok\lombok-1.18.39-4050.jar -XX:+HeapDumpOnOutOfMemoryError -XX:HeapDumpPath=c:\Users\Admin\AppData\Roaming\Cursor\User\workspaceStorage\3b050a97605512c1c387e1cddbd925f0\redhat.java -Daether.dependencyCollector.impl=bf c:\Users\Admin\.cursor\extensions\redhat.java-1.50.0-win32-x64\server\plugins\org.eclipse.equinox.launcher_1.7.100.v20251111-0406.jar -configuration c:\Users\Admin\AppData\Roaming\Cursor\User\globalStorage\redhat.java\1.50.0\config_win -data c:\Users\Admin\AppData\Roaming\Cursor\User\workspaceStorage\3b050a97605512c1c387e1cddbd925f0\redhat.java\jdt_ws --pipe=\\.\pipe\lsp-65d813048b6636dab9b136d7d7eabad6-sock

Host: AMD Ryzen 5 4600H with Radeon Graphics         , 12 cores, 15G,  Windows 11 , 64 bit Build 26100 (10.0.26100.7309)
Time: Wed Dec  3 21:31:34 2025 India Standard Time elapsed time: 2929.224787 seconds (0d 0h 48m 49s)

---------------  T H R E A D  ---------------

Current thread (0x00000143abbe2cf0):  JavaThread "Attach Listener" daemon [_thread_in_vm, id=8732, stack(0x0000003ef9200000,0x0000003ef9300000) (1024K)]

Stack: [0x0000003ef9200000,0x0000003ef9300000]
Native frames: (J=compiled Java code, j=interpreted, Vv=VM code, C=native code)
V  [jvm.dll+0x6d6e29]
V  [jvm.dll+0x8b4b76]
V  [jvm.dll+0x8b712e]
V  [jvm.dll+0x8b7813]
V  [jvm.dll+0x283d86]
V  [jvm.dll+0xc1277]
V  [jvm.dll+0x6d76d9]
V  [jvm.dll+0x133466]
V  [jvm.dll+0x3f7ea6]
V  [jvm.dll+0x85e9ad]
V  [jvm.dll+0x6d565d]
C  [ucrtbase.dll+0x37b0]
C  [KERNEL32.DLL+0x2e8d7]
C  [ntdll.dll+0x8c53c]


---------------  P R O C E S S  ---------------

Threads class SMR info:
_java_thread_list=0x000001440b1de420, length=38, elements={
0x00000143a9763850, 0x00000143abbd9400, 0x00000143c25dd150, 0x00000143abbe22a0,
0x00000143abbe2cf0, 0x00000143abbe4cd0, 0x00000143abbeaca0, 0x00000144049b5490,
0x00000144049d7240, 0x0000014404c228a0, 0x0000014404d39f70, 0x000001440a5e4f60,
0x000001440aa7c3f0, 0x000001440a71a400, 0x000001440a71ae30, 0x000001440b27e530,
0x000001440af27990, 0x000001440ae11f90, 0x000001440ae12cb0, 0x000001440ae12620,
0x000001440ae14060, 0x000001440d4f9620, 0x000001440d4f7550, 0x000001440d4f8270,
0x000001440d4f7be0, 0x000001440d4f9cb0, 0x000001440d4f8900, 0x000001440d4f6830,
0x000001440d4f8f90, 0x000001440d4fa340, 0x000001440d4f6ec0, 0x000001440d4fcaa0,
0x000001440d4fd130, 0x000001440d4fd7c0, 0x000001440d4fde50, 0x000001440d4fa9d0,
0x000001440d4fb060, 0x000001440d4fb6f0
}

Java Threads: ( => current thread )
  0x00000143a9763850 JavaThread "main"                              [_thread_blocked, id=15120, stack(0x0000003ef8b00000,0x0000003ef8c00000) (1024K)]
  0x00000143abbd9400 JavaThread "Reference Handler"          daemon [_thread_blocked, id=21984, stack(0x0000003ef8f00000,0x0000003ef9000000) (1024K)]
  0x00000143c25dd150 JavaThread "Finalizer"                  daemon [_thread_blocked, id=19516, stack(0x0000003ef9000000,0x0000003ef9100000) (1024K)]
  0x00000143abbe22a0 JavaThread "Signal Dispatcher"          daemon [_thread_blocked, id=20360, stack(0x0000003ef9100000,0x0000003ef9200000) (1024K)]
=>0x00000143abbe2cf0 JavaThread "Attach Listener"            daemon [_thread_in_vm, id=8732, stack(0x0000003ef9200000,0x0000003ef9300000) (1024K)]
  0x00000143abbe4cd0 JavaThread "Service Thread"             daemon [_thread_blocked, id=3864, stack(0x0000003ef9300000,0x0000003ef9400000) (1024K)]
  0x00000143abbeaca0 JavaThread "Monitor Deflation Thread"   daemon [_thread_blocked, id=21688, stack(0x0000003ef9400000,0x0000003ef9500000) (1024K)]
  0x00000144049b5490 JavaThread "C2 CompilerThread0"         daemon [_thread_blocked, id=21020, stack(0x0000003ef9500000,0x0000003ef9600000) (1024K)]
  0x00000144049d7240 JavaThread "C1 CompilerThread0"         daemon [_thread_blocked, id=7912, stack(0x0000003ef9600000,0x0000003ef9700000) (1024K)]
  0x0000014404c228a0 JavaThread "Common-Cleaner"             daemon [_thread_blocked, id=24308, stack(0x0000003ef9800000,0x0000003ef9900000) (1024K)]
  0x0000014404d39f70 JavaThread "Notification Thread"        daemon [_thread_blocked, id=24052, stack(0x0000003ef9900000,0x0000003ef9a00000) (1024K)]
  0x000001440a5e4f60 JavaThread "Active Thread: Equinox Container: df6bf8d4-0ec9-4f74-bc8c-415eaaa0bdff"        [_thread_blocked, id=21840, stack(0x0000003efa100000,0x0000003efa200000) (1024K)]
  0x000001440aa7c3f0 JavaThread "Refresh Thread: Equinox Container: df6bf8d4-0ec9-4f74-bc8c-415eaaa0bdff" daemon [_thread_blocked, id=15420, stack(0x0000003efa200000,0x0000003efa300000) (1024K)]
  0x000001440a71a400 JavaThread "Framework Event Dispatcher: Equinox Container: df6bf8d4-0ec9-4f74-bc8c-415eaaa0bdff" daemon [_thread_blocked, id=23744, stack(0x0000003efa400000,0x0000003efa500000) (1024K)]
  0x000001440a71ae30 JavaThread "Start Level: Equinox Container: df6bf8d4-0ec9-4f74-bc8c-415eaaa0bdff" daemon [_thread_blocked, id=20220, stack(0x0000003efa500000,0x0000003efa600000) (1024K)]
  0x000001440b27e530 JavaThread "Bundle File Closer"         daemon [_thread_blocked, id=21856, stack(0x0000003efa800000,0x0000003efa900000) (1024K)]
  0x000001440af27990 JavaThread "SCR Component Actor"        daemon [_thread_blocked, id=22516, stack(0x0000003efa900000,0x0000003efaa00000) (1024K)]
  0x000001440ae11f90 JavaThread "Worker-JM"                         [_thread_blocked, id=21680, stack(0x0000003efaa00000,0x0000003efab00000) (1024K)]
  0x000001440ae12cb0 JavaThread "JNA Cleaner"                daemon [_thread_blocked, id=22036, stack(0x0000003ef9a00000,0x0000003ef9b00000) (1024K)]
  0x000001440ae12620 JavaThread "Java indexing"              daemon [_thread_blocked, id=8856, stack(0x0000003efae00000,0x0000003efaf00000) (1024K)]
  0x000001440ae14060 JavaThread "Worker-2"                          [_thread_blocked, id=21852, stack(0x0000003efb100000,0x0000003efb200000) (1024K)]
  0x000001440d4f9620 JavaThread "Thread-1"                   daemon [_thread_in_native, id=20828, stack(0x0000003efb300000,0x0000003efb400000) (1024K)]
  0x000001440d4f7550 JavaThread "Thread-2"                   daemon [_thread_in_native, id=20908, stack(0x0000003efb400000,0x0000003efb500000) (1024K)]
  0x000001440d4f8270 JavaThread "Thread-3"                   daemon [_thread_in_native, id=23148, stack(0x0000003efb500000,0x0000003efb600000) (1024K)]
  0x000001440d4f7be0 JavaThread "Thread-4"                   daemon [_thread_in_native, id=16992, stack(0x0000003efb600000,0x0000003efb700000) (1024K)]
  0x000001440d4f9cb0 JavaThread "Thread-5"                   daemon [_thread_in_native, id=18476, stack(0x0000003efb700000,0x0000003efb800000) (1024K)]
  0x000001440d4f8900 JavaThread "Thread-6"                   daemon [_thread_in_native, id=18156, stack(0x0000003efb800000,0x0000003efb900000) (1024K)]
  0x000001440d4f6830 JavaThread "Thread-7"                   daemon [_thread_in_native, id=10904, stack(0x0000003efb900000,0x0000003efba00000) (1024K)]
  0x000001440d4f8f90 JavaThread "Thread-8"                   daemon [_thread_in_native, id=2032, stack(0x0000003efba00000,0x0000003efbb00000) (1024K)]
  0x000001440d4fa340 JavaThread "Thread-9"                   daemon [_thread_in_native, id=17140, stack(0x0000003efbb00000,0x0000003efbc00000) (1024K)]
  0x000001440d4f6ec0 JavaThread "Thread-10"                  daemon [_thread_in_native, id=4572, stack(0x0000003efbc00000,0x0000003efbd00000) (1024K)]
  0x000001440d4fcaa0 JavaThread "Thread-11"                  daemon [_thread_in_native, id=11888, stack(0x0000003efbd00000,0x0000003efbe00000) (1024K)]
  0x000001440d4fd130 JavaThread "Thread-12"                  daemon [_thread_in_native, id=16332, stack(0x0000003efbe00000,0x0000003efbf00000) (1024K)]
  0x000001440d4fd7c0 JavaThread "Thread-13"                  daemon [_thread_in_native, id=14740, stack(0x0000003efbf00000,0x0000003efc000000) (1024K)]
  0x000001440d4fde50 JavaThread "pool-2-thread-1"                   [_thread_blocked, id=1384, stack(0x0000003efc000000,0x0000003efc100000) (1024K)]
  0x000001440d4fa9d0 JavaThread "WorkspaceEventsHandler"            [_thread_blocked, id=14520, stack(0x0000003efc100000,0x0000003efc200000) (1024K)]
  0x000001440d4fb060 JavaThread "pool-1-thread-1"                   [_thread_blocked, id=23352, stack(0x0000003efc200000,0x0000003efc300000) (1024K)]
  0x000001440d4fb6f0 JavaThread "Worker-4"                          [_thread_blocked, id=5316, stack(0x0000003efc300000,0x0000003efc400000) (1024K)]
Total: 38

Other Threads:
  0x00000143c25c4600 VMThread "VM Thread"                           [id=21256, stack(0x0000003ef8e00000,0x0000003ef8f00000) (1024K)]
  0x00000143c24bca00 WatcherThread "VM Periodic Task Thread"        [id=13840, stack(0x0000003ef8d00000,0x0000003ef8e00000) (1024K)]
  0x00000143abb547d0 WorkerThread "GC Thread#0"                     [id=21572, stack(0x0000003ef8c00000,0x0000003ef8d00000) (1024K)]
  0x000001440a7d43b0 WorkerThread "GC Thread#1"                     [id=23276, stack(0x0000003ef9b00000,0x0000003ef9c00000) (1024K)]
  0x000001440a7d4750 WorkerThread "GC Thread#2"                     [id=14088, stack(0x0000003ef9c00000,0x0000003ef9d00000) (1024K)]
  0x000001440aa973a0 WorkerThread "GC Thread#3"                     [id=14020, stack(0x0000003ef9d00000,0x0000003ef9e00000) (1024K)]
  0x000001440aa97740 WorkerThread "GC Thread#4"                     [id=20404, stack(0x0000003ef9e00000,0x0000003ef9f00000) (1024K)]
  0x000001440a7f3fa0 WorkerThread "GC Thread#5"                     [id=22844, stack(0x0000003ef9f00000,0x0000003efa000000) (1024K)]
  0x000001440a7f4340 WorkerThread "GC Thread#6"                     [id=14140, stack(0x0000003efa000000,0x0000003efa100000) (1024K)]
  0x000001440a9e3100 WorkerThread "GC Thread#7"                     [id=21048, stack(0x0000003efa300000,0x0000003efa400000) (1024K)]
  0x000001440aecab20 WorkerThread "GC Thread#8"                     [id=22092, stack(0x0000003efa600000,0x0000003efa700000) (1024K)]
  0x000001440a7bfab0 WorkerThread "GC Thread#9"                     [id=22088, stack(0x0000003efa700000,0x0000003efa800000) (1024K)]
Total: 12

Threads with active compile tasks:
Total: 0

VM state: not at safepoint (normal execution)

VM Mutex/Monitor currently owned by a thread: None

Heap address: 0x0000000080000000, size: 2048 MB, Compressed Oops mode: 32-bit

CDS archive(s) mapped at: [0x00000143c3000000-0x00000143c3ba0000-0x00000143c3ba0000), size 12189696, SharedBaseAddress: 0x00000143c3000000, ArchiveRelocationMode: 1.
Compressed class space mapped at: 0x00000143c4000000-0x0000014404000000, reserved size: 1073741824
Narrow klass base: 0x00000143c3000000, Narrow klass shift: 0, Narrow klass range: 0x100000000

GC Precious Log:
 CardTable entry size: 512
 CPUs: 12 total, 12 available
 Memory: 15741M
 Large Page Support: Disabled
 NUMA Support: Disabled
 Compressed Oops: Enabled (32-bit)
 Alignments: Space 512K, Generation 512K, Heap 2M
 Heap Min Capacity: 100M
 Heap Initial Capacity: 100M
 Heap Max Capacity: 2G
 Pre-touch: Disabled
 Parallel Workers: 10

Heap:
 PSYoungGen      total 19456K, used 2032K [0x00000000d5580000, 0x00000000d6a00000, 0x0000000100000000)
  eden space 17920K, 10% used [0x00000000d5580000,0x00000000d57540e8,0x00000000d6700000)
  from space 1536K, 10% used [0x00000000d6780000,0x00000000d67a8000,0x00000000d6900000)
  to   space 512K, 0% used [0x00000000d6980000,0x00000000d6980000,0x00000000d6a00000)
 ParOldGen       total 71680K, used 57922K [0x0000000080000000, 0x0000000084600000, 0x00000000d5580000)
  object space 71680K, 80% used [0x0000000080000000,0x00000000838909e8,0x0000000084600000)
 Metaspace       used 60160K, committed 61568K, reserved 1114112K
  class space    used 6431K, committed 7040K, reserved 1048576K

Card table byte_map: [0x00000143ab4f0000,0x00000143ab900000] _byte_map_base: 0x00000143ab0f0000

Marking Bits: (ParMarkBitMap*) 0x00007ffbace82460
 Begin Bits: [0x00000143bdfe0000, 0x00000143bffe0000)
 End Bits:   [0x00000143bffe0000, 0x00000143c1fe0000)

Polling page: 0x00000143a9d30000

Metaspace:

Usage:
  Non-class:     52.47 MB used.
      Class:      6.28 MB used.
       Both:     58.75 MB used.

Virtual space:
  Non-class space:       64.00 MB reserved,      53.25 MB ( 83%) committed,  1 nodes.
      Class space:        1.00 GB reserved,       6.88 MB ( <1%) committed,  1 nodes.
             Both:        1.06 GB reserved,      60.12 MB (  6%) committed. 

Chunk freelists:
   Non-Class:  10.47 MB
       Class:  9.10 MB
        Both:  19.57 MB

MaxMetaspaceSize: unlimited
CompressedClassSpaceSize: 1.00 GB
Initial GC threshold: 21.00 MB
Current GC threshold: 97.31 MB
CDS: on
 - commit_granule_bytes: 65536.
 - commit_granule_words: 8192.
 - virtual_space_node_default_size: 8388608.
 - enlarge_chunks_in_place: 1.
 - use_allocation_guard: 0.


Internal statistics:

num_allocs_failed_limit: 9.
num_arena_births: 1108.
num_arena_deaths: 20.
num_vsnodes_births: 2.
num_vsnodes_deaths: 0.
num_space_committed: 962.
num_space_uncommitted: 0.
num_chunks_returned_to_freelist: 32.
num_chunks_taken_from_freelist: 3792.
num_chunk_merges: 17.
num_chunk_splits: 2427.
num_chunks_enlarged: 1482.
num_inconsistent_stats: 0.

CodeHeap 'non-profiled nmethods': size=120000Kb used=6479Kb max_used=6479Kb free=113520Kb
 bounds [0x00000143b6800000, 0x00000143b6e60000, 0x00000143bdd30000]
CodeHeap 'profiled nmethods': size=120000Kb used=20072Kb max_used=20072Kb free=99927Kb
 bounds [0x00000143aed30000, 0x00000143b00d0000, 0x00000143b6260000]
CodeHeap 'non-nmethods': size=5760Kb used=1407Kb max_used=1463Kb free=4353Kb
 bounds [0x00000143b6260000, 0x00000143b64d0000, 0x00000143b6800000]
CodeCache: size=245760Kb, used=27958Kb, max_used=28014Kb, free=217800Kb
 total_blobs=9891, nmethods=9175, adapters=622, full_count=0
Compilation: enabled, stopped_count=0, restarted_count=0

Compilation events (20 events):
Event: 2085.157 Thread 0x00000144049d7240 9932       3       java.util.concurrent.ScheduledThreadPoolExecutor::reExecutePeriodic (49 bytes)
Event: 2085.158 Thread 0x00000144049d7240 nmethod 9932 0x00000143b00c2490 code [0x00000143b00c26c0, 0x00000143b00c2e40]
Event: 2102.346 Thread 0x00000144049d7240 9933       3       org.eclipse.core.internal.resources.ResourceInfo::shareStrings (43 bytes)
Event: 2102.347 Thread 0x00000144049d7240 nmethod 9933 0x00000143b00c3090 code [0x00000143b00c3260, 0x00000143b00c3528]
Event: 2102.347 Thread 0x00000144049d7240 9934   !   3       org.eclipse.core.internal.jobs.JobListeners::waitAndSendEvents (445 bytes)
Event: 2102.350 Thread 0x00000144049d7240 nmethod 9934 0x00000143b00c3690 code [0x00000143b00c3cc0, 0x00000143b00c6aa8]
Event: 2216.184 Thread 0x00000144049d7240 9935       3       sun.nio.ch.AsynchronousFileChannelImpl::begin (30 bytes)
Event: 2216.184 Thread 0x00000144049d7240 nmethod 9935 0x00000143b00c8210 code [0x00000143b00c8400, 0x00000143b00c8890]
Event: 2216.184 Thread 0x00000144049d7240 9936       3       sun.nio.ch.AsynchronousFileChannelImpl::end (15 bytes)
Event: 2216.185 Thread 0x00000144049d7240 nmethod 9936 0x00000143b00c8a90 code [0x00000143b00c8c80, 0x00000143b00c9178]
Event: 2251.606 Thread 0x00000144049d7240 9937       1       org.eclipse.osgi.internal.framework.EquinoxContainer::getStorage (5 bytes)
Event: 2251.606 Thread 0x00000144049d7240 nmethod 9937 0x00000143b6e53b90 code [0x00000143b6e53d20, 0x00000143b6e53de8]
Event: 2491.670 Thread 0x00000144049d7240 9938       3       java.util.concurrent.locks.AbstractQueuedSynchronizer$Node::setStatusRelaxed (12 bytes)
Event: 2491.670 Thread 0x00000144049d7240 nmethod 9938 0x00000143b00c9390 code [0x00000143b00c9520, 0x00000143b00c9638]
Event: 2565.556 Thread 0x00000144049d7240 9939       3       org.eclipse.jdt.ls.core.internal.ParentProcessWatcher::run (83 bytes)
Event: 2565.558 Thread 0x00000144049d7240 nmethod 9939 0x00000143b00c9710 code [0x00000143b00c99a0, 0x00000143b00ca3f8]
Event: 2565.558 Thread 0x00000144049d7240 9940       3       org.eclipse.jdt.ls.core.internal.ParentProcessWatcher::parentProcessStillRunning (62 bytes)
Event: 2565.558 Thread 0x00000144049d7240 nmethod 9940 0x00000143b00ca790 code [0x00000143b00ca9c0, 0x00000143b00cb0c8]
Event: 2705.667 Thread 0x00000144049d7240 9941       3       java.lang.ProcessHandleImpl::<init> (15 bytes)
Event: 2705.668 Thread 0x00000144049d7240 nmethod 9941 0x00000143b00cb310 code [0x00000143b00cb4c0, 0x00000143b00cb630]

GC Heap History (20 events):
Event: 570.067 GC heap before
{Heap before GC invocations=55 (full 2):
 PSYoungGen      total 20992K, used 20974K [0x00000000d5580000, 0x00000000d7000000, 0x0000000100000000)
  eden space 19456K, 100% used [0x00000000d5580000,0x00000000d6880000,0x00000000d6880000)
  from space 1536K, 98% used [0x00000000d6b80000,0x00000000d6cfbb80,0x00000000d6d00000)
  to   space 3072K, 0% used [0x00000000d6880000,0x00000000d6880000,0x00000000d6b80000)
 ParOldGen       total 68608K, used 65591K [0x0000000080000000, 0x0000000084300000, 0x00000000d5580000)
  object space 68608K, 95% used [0x0000000080000000,0x000000008400dfa8,0x0000000084300000)
 Metaspace       used 58289K, committed 59776K, reserved 1114112K
  class space    used 6280K, committed 6912K, reserved 1048576K
}
Event: 570.068 GC heap after
{Heap after GC invocations=55 (full 2):
 PSYoungGen      total 20480K, used 576K [0x00000000d5580000, 0x00000000d6c00000, 0x0000000100000000)
  eden space 19456K, 0% used [0x00000000d5580000,0x00000000d5580000,0x00000000d6880000)
  from space 1024K, 56% used [0x00000000d6880000,0x00000000d6910000,0x00000000d6980000)
  to   space 1536K, 0% used [0x00000000d6a80000,0x00000000d6a80000,0x00000000d6c00000)
 ParOldGen       total 68608K, used 67075K [0x0000000080000000, 0x0000000084300000, 0x00000000d5580000)
  object space 68608K, 97% used [0x0000000080000000,0x0000000084180cf8,0x0000000084300000)
 Metaspace       used 58289K, committed 59776K, reserved 1114112K
  class space    used 6280K, committed 6912K, reserved 1048576K
}
Event: 570.102 GC heap before
{Heap before GC invocations=56 (full 2):
 PSYoungGen      total 20480K, used 20032K [0x00000000d5580000, 0x00000000d6c00000, 0x0000000100000000)
  eden space 19456K, 100% used [0x00000000d5580000,0x00000000d6880000,0x00000000d6880000)
  from space 1024K, 56% used [0x00000000d6880000,0x00000000d6910000,0x00000000d6980000)
  to   space 1536K, 0% used [0x00000000d6a80000,0x00000000d6a80000,0x00000000d6c00000)
 ParOldGen       total 68608K, used 67075K [0x0000000080000000, 0x0000000084300000, 0x00000000d5580000)
  object space 68608K, 97% used [0x0000000080000000,0x0000000084180cf8,0x0000000084300000)
 Metaspace       used 58293K, committed 59776K, reserved 1114112K
  class space    used 6280K, committed 6912K, reserved 1048576K
}
Event: 570.102 GC heap after
{Heap after GC invocations=56 (full 2):
 PSYoungGen      total 20992K, used 1129K [0x00000000d5580000, 0x00000000d6c00000, 0x0000000100000000)
  eden space 19456K, 0% used [0x00000000d5580000,0x00000000d5580000,0x00000000d6880000)
  from space 1536K, 73% used [0x00000000d6a80000,0x00000000d6b9a4f0,0x00000000d6c00000)
  to   space 1536K, 0% used [0x00000000d6900000,0x00000000d6900000,0x00000000d6a80000)
 ParOldGen       total 68608K, used 67451K [0x0000000080000000, 0x0000000084300000, 0x00000000d5580000)
  object space 68608K, 98% used [0x0000000080000000,0x00000000841decf8,0x0000000084300000)
 Metaspace       used 58293K, committed 59776K, reserved 1114112K
  class space    used 6280K, committed 6912K, reserved 1048576K
}
Event: 570.141 GC heap before
{Heap before GC invocations=57 (full 2):
 PSYoungGen      total 20992K, used 20585K [0x00000000d5580000, 0x00000000d6c00000, 0x0000000100000000)
  eden space 19456K, 100% used [0x00000000d5580000,0x00000000d6880000,0x00000000d6880000)
  from space 1536K, 73% used [0x00000000d6a80000,0x00000000d6b9a4f0,0x00000000d6c00000)
  to   space 1536K, 0% used [0x00000000d6900000,0x00000000d6900000,0x00000000d6a80000)
 ParOldGen       total 68608K, used 67451K [0x0000000080000000, 0x0000000084300000, 0x00000000d5580000)
  object space 68608K, 98% used [0x0000000080000000,0x00000000841decf8,0x0000000084300000)
 Metaspace       used 58304K, committed 59776K, reserved 1114112K
  class space    used 6280K, committed 6912K, reserved 1048576K
}
Event: 570.142 GC heap after
{Heap after GC invocations=57 (full 2):
 PSYoungGen      total 20480K, used 1004K [0x00000000d5580000, 0x00000000d6b80000, 0x0000000100000000)
  eden space 19456K, 0% used [0x00000000d5580000,0x00000000d5580000,0x00000000d6880000)
  from space 1024K, 98% used [0x00000000d6900000,0x00000000d69fb370,0x00000000d6a00000)
  to   space 1536K, 0% used [0x00000000d6a00000,0x00000000d6a00000,0x00000000d6b80000)
 ParOldGen       total 68608K, used 68474K [0x0000000080000000, 0x0000000084300000, 0x00000000d5580000)
  object space 68608K, 99% used [0x0000000080000000,0x00000000842debe8,0x0000000084300000)
 Metaspace       used 58304K, committed 59776K, reserved 1114112K
  class space    used 6280K, committed 6912K, reserved 1048576K
}
Event: 570.178 GC heap before
{Heap before GC invocations=58 (full 2):
 PSYoungGen      total 20480K, used 20460K [0x00000000d5580000, 0x00000000d6b80000, 0x0000000100000000)
  eden space 19456K, 100% used [0x00000000d5580000,0x00000000d6880000,0x00000000d6880000)
  from space 1024K, 98% used [0x00000000d6900000,0x00000000d69fb370,0x00000000d6a00000)
  to   space 1536K, 0% used [0x00000000d6a00000,0x00000000d6a00000,0x00000000d6b80000)
 ParOldGen       total 68608K, used 68474K [0x0000000080000000, 0x0000000084300000, 0x00000000d5580000)
  object space 68608K, 99% used [0x0000000080000000,0x00000000842debe8,0x0000000084300000)
 Metaspace       used 58313K, committed 59776K, reserved 1114112K
  class space    used 6280K, committed 6912K, reserved 1048576K
}
Event: 570.179 GC heap after
{Heap after GC invocations=58 (full 2):
 PSYoungGen      total 20992K, used 1174K [0x00000000d5580000, 0x00000000d6b80000, 0x0000000100000000)
  eden space 19456K, 0% used [0x00000000d5580000,0x00000000d5580000,0x00000000d6880000)
  from space 1536K, 76% used [0x00000000d6a00000,0x00000000d6b25978,0x00000000d6b80000)
  to   space 1536K, 0% used [0x00000000d6880000,0x00000000d6880000,0x00000000d6a00000)
 ParOldGen       total 69632K, used 69348K [0x0000000080000000, 0x0000000084400000, 0x00000000d5580000)
  object space 69632K, 99% used [0x0000000080000000,0x00000000843b9308,0x0000000084400000)
 Metaspace       used 58313K, committed 59776K, reserved 1114112K
  class space    used 6280K, committed 6912K, reserved 1048576K
}
Event: 570.221 GC heap before
{Heap before GC invocations=59 (full 2):
 PSYoungGen      total 20992K, used 20630K [0x00000000d5580000, 0x00000000d6b80000, 0x0000000100000000)
  eden space 19456K, 100% used [0x00000000d5580000,0x00000000d6880000,0x00000000d6880000)
  from space 1536K, 76% used [0x00000000d6a00000,0x00000000d6b25978,0x00000000d6b80000)
  to   space 1536K, 0% used [0x00000000d6880000,0x00000000d6880000,0x00000000d6a00000)
 ParOldGen       total 69632K, used 69348K [0x0000000080000000, 0x0000000084400000, 0x00000000d5580000)
  object space 69632K, 99% used [0x0000000080000000,0x00000000843b9308,0x0000000084400000)
 Metaspace       used 58315K, committed 59776K, reserved 1114112K
  class space    used 6280K, committed 6912K, reserved 1048576K
}
Event: 570.222 GC heap after
{Heap after GC invocations=59 (full 2):
 PSYoungGen      total 20992K, used 1180K [0x00000000d5580000, 0x00000000d6b80000, 0x0000000100000000)
  eden space 19456K, 0% used [0x00000000d5580000,0x00000000d5580000,0x00000000d6880000)
  from space 1536K, 76% used [0x00000000d6880000,0x00000000d69a7368,0x00000000d6a00000)
  to   space 1536K, 0% used [0x00000000d6a00000,0x00000000d6a00000,0x00000000d6b80000)
 ParOldGen       total 70656K, used 70359K [0x0000000080000000, 0x0000000084500000, 0x00000000d5580000)
  object space 70656K, 99% used [0x0000000080000000,0x00000000844b5c18,0x0000000084500000)
 Metaspace       used 58315K, committed 59776K, reserved 1114112K
  class space    used 6280K, committed 6912K, reserved 1048576K
}
Event: 570.256 GC heap before
{Heap before GC invocations=60 (full 2):
 PSYoungGen      total 20992K, used 17505K [0x00000000d5580000, 0x00000000d6b80000, 0x0000000100000000)
  eden space 19456K, 83% used [0x00000000d5580000,0x00000000d6571390,0x00000000d6880000)
  from space 1536K, 76% used [0x00000000d6880000,0x00000000d69a7368,0x00000000d6a00000)
  to   space 1536K, 0% used [0x00000000d6a00000,0x00000000d6a00000,0x00000000d6b80000)
 ParOldGen       total 70656K, used 70359K [0x0000000080000000, 0x0000000084500000, 0x00000000d5580000)
  object space 70656K, 99% used [0x0000000080000000,0x00000000844b5c18,0x0000000084500000)
 Metaspace       used 58349K, committed 59776K, reserved 1114112K
  class space    used 6282K, committed 6912K, reserved 1048576K
}
Event: 570.258 GC heap after
{Heap after GC invocations=60 (full 2):
 PSYoungGen      total 19456K, used 1511K [0x00000000d5580000, 0x00000000d6e80000, 0x0000000100000000)
  eden space 17920K, 0% used [0x00000000d5580000,0x00000000d5580000,0x00000000d6700000)
  from space 1536K, 98% used [0x00000000d6a00000,0x00000000d6b79c38,0x00000000d6b80000)
  to   space 3072K, 0% used [0x00000000d6700000,0x00000000d6700000,0x00000000d6a00000)
 ParOldGen       total 71680K, used 71461K [0x0000000080000000, 0x0000000084600000, 0x00000000d5580000)
  object space 71680K, 99% used [0x0000000080000000,0x00000000845c9768,0x0000000084600000)
 Metaspace       used 58349K, committed 59776K, reserved 1114112K
  class space    used 6282K, committed 6912K, reserved 1048576K
}
Event: 570.258 GC heap before
{Heap before GC invocations=61 (full 3):
 PSYoungGen      total 19456K, used 1511K [0x00000000d5580000, 0x00000000d6e80000, 0x0000000100000000)
  eden space 17920K, 0% used [0x00000000d5580000,0x00000000d5580000,0x00000000d6700000)
  from space 1536K, 98% used [0x00000000d6a00000,0x00000000d6b79c38,0x00000000d6b80000)
  to   space 3072K, 0% used [0x00000000d6700000,0x00000000d6700000,0x00000000d6a00000)
 ParOldGen       total 71680K, used 71461K [0x0000000080000000, 0x0000000084600000, 0x00000000d5580000)
  object space 71680K, 99% used [0x0000000080000000,0x00000000845c9768,0x0000000084600000)
 Metaspace       used 58349K, committed 59776K, reserved 1114112K
  class space    used 6282K, committed 6912K, reserved 1048576K
}
Event: 570.351 GC heap after
{Heap after GC invocations=61 (full 3):
 PSYoungGen      total 19456K, used 0K [0x00000000d5580000, 0x00000000d6e80000, 0x0000000100000000)
  eden space 17920K, 0% used [0x00000000d5580000,0x00000000d5580000,0x00000000d6700000)
  from space 1536K, 0% used [0x00000000d6a00000,0x00000000d6a00000,0x00000000d6b80000)
  to   space 3072K, 0% used [0x00000000d6700000,0x00000000d6700000,0x00000000d6a00000)
 ParOldGen       total 71680K, used 56422K [0x0000000080000000, 0x0000000084600000, 0x00000000d5580000)
  object space 71680K, 78% used [0x0000000080000000,0x0000000083719b68,0x0000000084600000)
 Metaspace       used 58344K, committed 59776K, reserved 1114112K
  class space    used 6280K, committed 6912K, reserved 1048576K
}
Event: 570.497 GC heap before
{Heap before GC invocations=62 (full 3):
 PSYoungGen      total 19456K, used 17920K [0x00000000d5580000, 0x00000000d6e80000, 0x0000000100000000)
  eden space 17920K, 100% used [0x00000000d5580000,0x00000000d6700000,0x00000000d6700000)
  from space 1536K, 0% used [0x00000000d6a00000,0x00000000d6a00000,0x00000000d6b80000)
  to   space 3072K, 0% used [0x00000000d6700000,0x00000000d6700000,0x00000000d6a00000)
 ParOldGen       total 71680K, used 56422K [0x0000000080000000, 0x0000000084600000, 0x00000000d5580000)
  object space 71680K, 78% used [0x0000000080000000,0x0000000083719b68,0x0000000084600000)
 Metaspace       used 59245K, committed 60672K, reserved 1114112K
  class space    used 6367K, committed 6976K, reserved 1048576K
}
Event: 570.498 GC heap after
{Heap after GC invocations=62 (full 3):
 PSYoungGen      total 19968K, used 1776K [0x00000000d5580000, 0x00000000d6c00000, 0x0000000100000000)
  eden space 17920K, 0% used [0x00000000d5580000,0x00000000d5580000,0x00000000d6700000)
  from space 2048K, 86% used [0x00000000d6700000,0x00000000d68bc010,0x00000000d6900000)
  to   space 2560K, 0% used [0x00000000d6980000,0x00000000d6980000,0x00000000d6c00000)
 ParOldGen       total 71680K, used 56430K [0x0000000080000000, 0x0000000084600000, 0x00000000d5580000)
  object space 71680K, 78% used [0x0000000080000000,0x000000008371bb68,0x0000000084600000)
 Metaspace       used 59245K, committed 60672K, reserved 1114112K
  class space    used 6367K, committed 6976K, reserved 1048576K
}
Event: 937.149 GC heap before
{Heap before GC invocations=63 (full 3):
 PSYoungGen      total 19968K, used 19696K [0x00000000d5580000, 0x00000000d6c00000, 0x0000000100000000)
  eden space 17920K, 100% used [0x00000000d5580000,0x00000000d6700000,0x00000000d6700000)
  from space 2048K, 86% used [0x00000000d6700000,0x00000000d68bc010,0x00000000d6900000)
  to   space 2560K, 0% used [0x00000000d6980000,0x00000000d6980000,0x00000000d6c00000)
 ParOldGen       total 71680K, used 56430K [0x0000000080000000, 0x0000000084600000, 0x00000000d5580000)
  object space 71680K, 78% used [0x0000000080000000,0x000000008371bb68,0x0000000084600000)
 Metaspace       used 60103K, committed 61504K, reserved 1114112K
  class space    used 6431K, committed 7040K, reserved 1048576K
}
Event: 937.151 GC heap after
{Heap after GC invocations=63 (full 3):
 PSYoungGen      total 18944K, used 867K [0x00000000d5580000, 0x00000000d6a80000, 0x0000000100000000)
  eden space 17920K, 0% used [0x00000000d5580000,0x00000000d5580000,0x00000000d6700000)
  from space 1024K, 84% used [0x00000000d6980000,0x00000000d6a58e70,0x00000000d6a80000)
  to   space 1536K, 0% used [0x00000000d6780000,0x00000000d6780000,0x00000000d6900000)
 ParOldGen       total 71680K, used 57214K [0x0000000080000000, 0x0000000084600000, 0x00000000d5580000)
  object space 71680K, 79% used [0x0000000080000000,0x00000000837dfb78,0x0000000084600000)
 Metaspace       used 60103K, committed 61504K, reserved 1114112K
  class space    used 6431K, committed 7040K, reserved 1048576K
}
Event: 1090.115 GC heap before
{Heap before GC invocations=64 (full 3):
 PSYoungGen      total 18944K, used 18787K [0x00000000d5580000, 0x00000000d6a80000, 0x0000000100000000)
  eden space 17920K, 100% used [0x00000000d5580000,0x00000000d6700000,0x00000000d6700000)
  from space 1024K, 84% used [0x00000000d6980000,0x00000000d6a58e70,0x00000000d6a80000)
  to   space 1536K, 0% used [0x00000000d6780000,0x00000000d6780000,0x00000000d6900000)
 ParOldGen       total 71680K, used 57214K [0x0000000080000000, 0x0000000084600000, 0x00000000d5580000)
  object space 71680K, 79% used [0x0000000080000000,0x00000000837dfb78,0x0000000084600000)
 Metaspace       used 60124K, committed 61568K, reserved 1114112K
  class space    used 6431K, committed 7040K, reserved 1048576K
}
Event: 1090.116 GC heap after
{Heap after GC invocations=64 (full 3):
 PSYoungGen      total 19456K, used 160K [0x00000000d5580000, 0x00000000d6a00000, 0x0000000100000000)
  eden space 17920K, 0% used [0x00000000d5580000,0x00000000d5580000,0x00000000d6700000)
  from space 1536K, 10% used [0x00000000d6780000,0x00000000d67a8000,0x00000000d6900000)
  to   space 512K, 0% used [0x00000000d6980000,0x00000000d6980000,0x00000000d6a00000)
 ParOldGen       total 71680K, used 57922K [0x0000000080000000, 0x0000000084600000, 0x00000000d5580000)
  object space 71680K, 80% used [0x0000000080000000,0x00000000838909e8,0x0000000084600000)
 Metaspace       used 60124K, committed 61568K, reserved 1114112K
  class space    used 6431K, committed 7040K, reserved 1048576K
}

Dll operation events (10 events):
Event: 0.008 Loaded shared library c:\Users\Admin\.cursor\extensions\redhat.java-1.50.0-win32-x64\jre\21.0.9-win32-x86_64\bin\java.dll
Event: 0.051 Loaded shared library c:\Users\Admin\.cursor\extensions\redhat.java-1.50.0-win32-x64\jre\21.0.9-win32-x86_64\bin\zip.dll
Event: 0.067 Loaded shared library C:\Users\Admin\.cursor\extensions\redhat.java-1.50.0-win32-x64\jre\21.0.9-win32-x86_64\bin\instrument.dll
Event: 0.072 Loaded shared library C:\Users\Admin\.cursor\extensions\redhat.java-1.50.0-win32-x64\jre\21.0.9-win32-x86_64\bin\net.dll
Event: 0.074 Loaded shared library C:\Users\Admin\.cursor\extensions\redhat.java-1.50.0-win32-x64\jre\21.0.9-win32-x86_64\bin\nio.dll
Event: 0.076 Loaded shared library C:\Users\Admin\.cursor\extensions\redhat.java-1.50.0-win32-x64\jre\21.0.9-win32-x86_64\bin\zip.dll
Event: 0.090 Loaded shared library C:\Users\Admin\.cursor\extensions\redhat.java-1.50.0-win32-x64\jre\21.0.9-win32-x86_64\bin\jimage.dll
Event: 0.144 Loaded shared library c:\Users\Admin\.cursor\extensions\redhat.java-1.50.0-win32-x64\jre\21.0.9-win32-x86_64\bin\verify.dll
Event: 1.031 Loaded shared library C:\Users\Admin\AppData\Roaming\Cursor\User\globalStorage\redhat.java\1.50.0\config_win\org.eclipse.equinox.launcher\org.eclipse.equinox.launcher.win32.win32.x86_64_1.2.1400.v20250801-0854\eclipse_11916.dll
Event: 2.136 Loaded shared library C:\Users\Admin\AppData\Local\Temp\jna-63116079\jna18091422042804204655.dll

Deoptimization events (20 events):
Event: 570.567 Thread 0x000001440d4fc410 Uncommon trap: trap_request=0xffffff76 fr.pc=0x00000143b6aa7690 relative=0x0000000000000450
Event: 570.567 Thread 0x000001440d4fc410 Uncommon trap: reason=predicate action=maybe_recompile pc=0x00000143b6aa7690 method=java.util.TimSort.binarySort([Ljava/lang/Object;IIILjava/util/Comparator;)V @ 34 c2
Event: 570.567 Thread 0x000001440d4fc410 DEOPT PACKING pc=0x00000143b6aa7690 sp=0x0000003efc5fdeb0
Event: 570.567 Thread 0x000001440d4fc410 DEOPT UNPACKING pc=0x00000143b62b3aa2 sp=0x0000003efc5fde50 mode 2
Event: 936.747 Thread 0x000001440d4fa9d0 Uncommon trap: trap_request=0xffffff45 fr.pc=0x00000143b694ab4c relative=0x000000000000038c
Event: 936.747 Thread 0x000001440d4fa9d0 Uncommon trap: reason=unstable_if action=reinterpret pc=0x00000143b694ab4c method=org.eclipse.core.runtime.Path.equals(Ljava/lang/Object;)Z @ 120 c2
Event: 936.747 Thread 0x000001440d4fa9d0 DEOPT PACKING pc=0x00000143b694ab4c sp=0x0000003efc1fedb0
Event: 936.747 Thread 0x000001440d4fa9d0 DEOPT UNPACKING pc=0x00000143b62b3aa2 sp=0x0000003efc1fed40 mode 2
Event: 937.000 Thread 0x000001440d4fa9d0 DEOPT PACKING pc=0x00000143afedd0db sp=0x0000003efc1fe680
Event: 937.000 Thread 0x000001440d4fa9d0 DEOPT UNPACKING pc=0x00000143b62b4242 sp=0x0000003efc1fdba0 mode 0
Event: 937.019 Thread 0x000001440d4fa9d0 DEOPT PACKING pc=0x00000143afedd0db sp=0x0000003efc1fedc0
Event: 937.019 Thread 0x000001440d4fa9d0 DEOPT UNPACKING pc=0x00000143b62b4242 sp=0x0000003efc1fe2e0 mode 0
Event: 937.041 Thread 0x000001440d4fa9d0 DEOPT PACKING pc=0x00000143afedd0db sp=0x0000003efc1fe470
Event: 937.041 Thread 0x000001440d4fa9d0 DEOPT UNPACKING pc=0x00000143b62b4242 sp=0x0000003efc1fd990 mode 0
Event: 937.063 Thread 0x000001440d4fa9d0 DEOPT PACKING pc=0x00000143afedd0db sp=0x0000003efc1fea50
Event: 937.063 Thread 0x000001440d4fa9d0 DEOPT UNPACKING pc=0x00000143b62b4242 sp=0x0000003efc1fdf70 mode 0
Event: 937.080 Thread 0x000001440d4fa9d0 DEOPT PACKING pc=0x00000143afedd0db sp=0x0000003efc1fe5a0
Event: 937.080 Thread 0x000001440d4fa9d0 DEOPT UNPACKING pc=0x00000143b62b4242 sp=0x0000003efc1fdac0 mode 0
Event: 937.196 Thread 0x000001440d4fa9d0 DEOPT PACKING pc=0x00000143af50f3cc sp=0x0000003efc1fe990
Event: 937.196 Thread 0x000001440d4fa9d0 DEOPT UNPACKING pc=0x00000143b62b4242 sp=0x0000003efc1fde60 mode 0

Classes loaded (20 events):
Event: 30.947 Loading class sun/util/resources/cldr/TimeZoneNames_en_US
Event: 30.947 Loading class sun/util/resources/cldr/TimeZoneNames_en_US done
Event: 30.948 Loading class sun/util/cldr/CLDRBaseLocaleDataMetaInfo$TZCanonicalIDMapHolder
Event: 30.948 Loading class sun/util/cldr/CLDRBaseLocaleDataMetaInfo$TZCanonicalIDMapHolder done
Event: 30.950 Loading class sun/util/resources/TimeZoneNames
Event: 30.950 Loading class sun/util/resources/TimeZoneNames done
Event: 30.951 Loading class sun/util/resources/TimeZoneNames_en
Event: 30.951 Loading class sun/util/resources/TimeZoneNames_en done
Event: 570.514 Loading class java/util/stream/ReduceOps$4
Event: 570.514 Loading class java/util/stream/ReduceOps$4 done
Event: 570.514 Loading class java/util/stream/ReduceOps$4ReducingSink
Event: 570.515 Loading class java/util/stream/ReduceOps$4ReducingSink done
Event: 570.516 Loading class java/nio/file/Files$2
Event: 570.517 Loading class java/nio/file/Files$2 done
Event: 936.738 Loading class java/util/stream/DistinctOps
Event: 936.738 Loading class java/util/stream/DistinctOps done
Event: 936.738 Loading class java/util/stream/DistinctOps$1
Event: 936.738 Loading class java/util/stream/DistinctOps$1 done
Event: 936.743 Loading class java/util/stream/DistinctOps$1$2
Event: 936.743 Loading class java/util/stream/DistinctOps$1$2 done

Classes unloaded (10 events):
Event: 2.708 Thread 0x00000143c25c4600 Unloading class 0x00000143c41a3800 'java/lang/invoke/LambdaForm$MH+0x00000143c41a3800'
Event: 2.708 Thread 0x00000143c25c4600 Unloading class 0x00000143c41a3400 'java/lang/invoke/LambdaForm$MH+0x00000143c41a3400'
Event: 2.708 Thread 0x00000143c25c4600 Unloading class 0x00000143c41a3000 'java/lang/invoke/LambdaForm$MH+0x00000143c41a3000'
Event: 2.708 Thread 0x00000143c25c4600 Unloading class 0x00000143c41a2c00 'java/lang/invoke/LambdaForm$MH+0x00000143c41a2c00'
Event: 2.708 Thread 0x00000143c25c4600 Unloading class 0x00000143c41a2800 'java/lang/invoke/LambdaForm$BMH+0x00000143c41a2800'
Event: 2.708 Thread 0x00000143c25c4600 Unloading class 0x00000143c41a2400 'java/lang/invoke/LambdaForm$DMH+0x00000143c41a2400'
Event: 2.708 Thread 0x00000143c25c4600 Unloading class 0x00000143c41a1000 'java/lang/invoke/LambdaForm$DMH+0x00000143c41a1000'
Event: 570.274 Thread 0x00000143c25c4600 Unloading class 0x00000143c45f4c00 'java/lang/invoke/LambdaForm$DMH+0x00000143c45f4c00'
Event: 570.274 Thread 0x00000143c25c4600 Unloading class 0x00000143c45f4800 'java/lang/invoke/LambdaForm$DMH+0x00000143c45f4800'
Event: 570.274 Thread 0x00000143c25c4600 Unloading class 0x00000143c45f4400 'java/lang/invoke/LambdaForm$DMH+0x00000143c45f4400'

Classes redefined (0 events):
No events

Internal exceptions (20 events):
Event: 7.592 Thread 0x000001440d4fb6f0 Exception <a 'sun/nio/fs/WindowsException'{0x00000000d62d6f78}> (0x00000000d62d6f78) 
thrown [s\src\hotspot\share\prims\jni.cpp, line 520]
Event: 7.593 Thread 0x000001440d4fb6f0 Exception <a 'sun/nio/fs/WindowsException'{0x00000000d62d75c8}> (0x00000000d62d75c8) 
thrown [s\src\hotspot\share\prims\jni.cpp, line 520]
Event: 7.859 Thread 0x000001440d6f3ce0 Exception <a 'sun/nio/fs/WindowsException'{0x00000000d5e99d98}> (0x00000000d5e99d98) 
thrown [s\src\hotspot\share\prims\jni.cpp, line 520]
Event: 7.859 Thread 0x000001440d6f3ce0 Exception <a 'sun/nio/fs/WindowsException'{0x00000000d5e9a698}> (0x00000000d5e9a698) 
thrown [s\src\hotspot\share\prims\jni.cpp, line 520]
Event: 7.859 Thread 0x000001440d6f3ce0 Exception <a 'sun/nio/fs/WindowsException'{0x00000000d5ead5f0}> (0x00000000d5ead5f0) 
thrown [s\src\hotspot\share\prims\jni.cpp, line 520]
Event: 7.859 Thread 0x000001440d6f3ce0 Exception <a 'sun/nio/fs/WindowsException'{0x00000000d5eadef0}> (0x00000000d5eadef0) 
thrown [s\src\hotspot\share\prims\jni.cpp, line 520]
Event: 7.860 Thread 0x000001440d6f3ce0 Exception <a 'sun/nio/fs/WindowsException'{0x00000000d5eaf7d8}> (0x00000000d5eaf7d8) 
thrown [s\src\hotspot\share\prims\jni.cpp, line 520]
Event: 7.860 Thread 0x000001440d6f3ce0 Exception <a 'sun/nio/fs/WindowsException'{0x00000000d5eb00d8}> (0x00000000d5eb00d8) 
thrown [s\src\hotspot\share\prims\jni.cpp, line 520]
Event: 7.864 Thread 0x000001440d6f3ce0 Exception <a 'sun/nio/fs/WindowsException'{0x00000000d5eee570}> (0x00000000d5eee570) 
thrown [s\src\hotspot\share\prims\jni.cpp, line 520]
Event: 7.864 Thread 0x000001440d6f3ce0 Exception <a 'sun/nio/fs/WindowsException'{0x00000000d5eeee70}> (0x00000000d5eeee70) 
thrown [s\src\hotspot\share\prims\jni.cpp, line 520]
Event: 7.879 Thread 0x000001440d6f3650 Exception <a 'java/lang/NoSuchMethodError'{0x00000000d628ebb8}: 'java.lang.Object java.lang.invoke.DirectMethodHandle$Holder.invokeStaticInit(java.lang.Object, java.lang.Object, java.lang.Object)'> (0x00000000d628ebb8) 
thrown [s\src\hotspot\share\interpreter\linkResolver.cpp, line 773]
Event: 8.469 Thread 0x000001440d4fb6f0 Exception <a 'java/lang/NoSuchMethodError'{0x00000000d60db458}: 'java.lang.Object java.lang.invoke.DirectMethodHandle$Holder.invokeStatic(java.lang.Object, java.lang.Object, int, java.lang.Object)'> (0x00000000d60db458) 
thrown [s\src\hotspot\share\interpreter\linkResolver.cpp, line 773]
Event: 8.469 Thread 0x000001440d4fb6f0 Exception <a 'java/lang/NoSuchMethodError'{0x00000000d60e1a88}: 'java.lang.Object java.lang.invoke.DirectMethodHandle$Holder.newInvokeSpecial(java.lang.Object, java.lang.Object, int)'> (0x00000000d60e1a88) 
thrown [s\src\hotspot\share\interpreter\linkResolver.cpp, line 773]
Event: 8.739 Thread 0x000001440d6f3650 Exception <a 'sun/nio/fs/WindowsException'{0x00000000d618a0e8}> (0x00000000d618a0e8) 
thrown [s\src\hotspot\share\prims\jni.cpp, line 520]
Event: 8.739 Thread 0x000001440d6f3650 Exception <a 'sun/nio/fs/WindowsException'{0x00000000d618aa08}> (0x00000000d618aa08) 
thrown [s\src\hotspot\share\prims\jni.cpp, line 520]
Event: 569.902 Thread 0x000001440d4fc410 Exception <a 'java/lang/IncompatibleClassChangeError'{0x00000000d6a58a10}: Found class java.lang.Object, but interface was expected> (0x00000000d6a58a10) 
thrown [s\src\hotspot\share\interpreter\linkResolver.cpp, line 840]
Event: 569.919 Thread 0x000001440d4fc410 Implicit null exception at 0x00000143b6d22dc1 to 0x00000143b6d28f78
Event: 569.951 Thread 0x000001440d4fc410 Implicit null exception at 0x00000143b6b7faa6 to 0x00000143b6b80074
Event: 569.951 Thread 0x000001440d4fc410 Implicit null exception at 0x00000143b6cf7081 to 0x00000143b6cf7648
Event: 570.519 Thread 0x000001440d4fc410 Exception <a 'java/lang/NoSuchMethodError'{0x00000000d55e8028}: 'int java.lang.invoke.DirectMethodHandle$Holder.invokeSpecialIFC(java.lang.Object, java.lang.Object, java.lang.Object)'> (0x00000000d55e8028) 
thrown [s\src\hotspot\share\interpreter\linkResolver.cpp, line 773]

ZGC Phase Switch (0 events):
No events

VM Operations (20 events):
Event: 2283.902 Executing VM operation: HandshakeAllThreads (HandshakeForDeflation)
Event: 2283.902 Executing VM operation: HandshakeAllThreads (HandshakeForDeflation) done
Event: 2283.902 Executing VM operation: RendezvousGCThreads
Event: 2283.902 Executing VM operation: RendezvousGCThreads done
Event: 2404.092 Executing VM operation: HandshakeAllThreads (HandshakeForDeflation)
Event: 2404.092 Executing VM operation: HandshakeAllThreads (HandshakeForDeflation) done
Event: 2404.092 Executing VM operation: RendezvousGCThreads
Event: 2404.092 Executing VM operation: RendezvousGCThreads done
Event: 2464.111 Executing VM operation: HandshakeAllThreads (HandshakeForDeflation)
Event: 2464.111 Executing VM operation: HandshakeAllThreads (HandshakeForDeflation) done
Event: 2464.111 Executing VM operation: RendezvousGCThreads
Event: 2464.111 Executing VM operation: RendezvousGCThreads done
Event: 2524.332 Executing VM operation: HandshakeAllThreads (HandshakeForDeflation)
Event: 2524.333 Executing VM operation: HandshakeAllThreads (HandshakeForDeflation) done
Event: 2524.333 Executing VM operation: RendezvousGCThreads
Event: 2524.333 Executing VM operation: RendezvousGCThreads done
Event: 2584.345 Executing VM operation: HandshakeAllThreads (HandshakeForDeflation)
Event: 2584.345 Executing VM operation: HandshakeAllThreads (HandshakeForDeflation) done
Event: 2584.345 Executing VM operation: RendezvousGCThreads
Event: 2584.345 Executing VM operation: RendezvousGCThreads done

Memory protections (0 events):
No events

Nmethod flushes (20 events):
Event: 570.293 Thread 0x00000143c25c4600 flushing  nmethod 0x00000143af57bb10
Event: 570.293 Thread 0x00000143c25c4600 flushing  nmethod 0x00000143af594990
Event: 570.293 Thread 0x00000143c25c4600 flushing  nmethod 0x00000143af594f90
Event: 570.293 Thread 0x00000143c25c4600 flushing  nmethod 0x00000143af599410
Event: 570.293 Thread 0x00000143c25c4600 flushing  nmethod 0x00000143af59b610
Event: 570.293 Thread 0x00000143c25c4600 flushing  nmethod 0x00000143af5c1a90
Event: 570.293 Thread 0x00000143c25c4600 flushing osr nmethod 0x00000143af60c590
Event: 570.293 Thread 0x00000143c25c4600 flushing  nmethod 0x00000143af62ca90
Event: 570.293 Thread 0x00000143c25c4600 flushing  nmethod 0x00000143af62e590
Event: 570.293 Thread 0x00000143c25c4600 flushing  nmethod 0x00000143af63c310
Event: 570.293 Thread 0x00000143c25c4600 flushing  nmethod 0x00000143af63ca90
Event: 570.293 Thread 0x00000143c25c4600 flushing  nmethod 0x00000143af63ce10
Event: 570.293 Thread 0x00000143c25c4600 flushing  nmethod 0x00000143af63d190
Event: 570.293 Thread 0x00000143c25c4600 flushing  nmethod 0x00000143af63d710
Event: 570.293 Thread 0x00000143c25c4600 flushing  nmethod 0x00000143af63f890
Event: 570.293 Thread 0x00000143c25c4600 flushing  nmethod 0x00000143af64ba10
Event: 570.293 Thread 0x00000143c25c4600 flushing  nmethod 0x00000143af655810
Event: 570.293 Thread 0x00000143c25c4600 flushing osr nmethod 0x00000143af656f90
Event: 570.293 Thread 0x00000143c25c4600 flushing  nmethod 0x00000143af681a90
Event: 570.293 Thread 0x00000143c25c4600 flushing  nmethod 0x00000143af682590

Events (20 events):
Event: 67.162 Thread 0x000001440ae146f0 Thread exited: 0x000001440ae146f0
Event: 68.271 Thread 0x000001440ae13340 Thread exited: 0x000001440ae13340
Event: 68.271 Thread 0x000001440ae11270 Thread exited: 0x000001440ae11270
Event: 68.840 Thread 0x000001440d6f3650 Thread exited: 0x000001440d6f3650
Event: 128.846 Thread 0x000001440d6f3ce0 Thread exited: 0x000001440d6f3ce0
Event: 188.853 Thread 0x000001440d6f2930 Thread exited: 0x000001440d6f2930
Event: 248.855 Thread 0x000001440d6f01d0 Thread exited: 0x000001440d6f01d0
Event: 308.855 Thread 0x000001440d6f2fc0 Thread exited: 0x000001440d6f2fc0
Event: 368.867 Thread 0x000001440d6f22a0 Thread exited: 0x000001440d6f22a0
Event: 428.880 Thread 0x000001440d6f0ef0 Thread exited: 0x000001440d6f0ef0
Event: 488.884 Thread 0x000001440d6f1580 Thread exited: 0x000001440d6f1580
Event: 548.899 Thread 0x000001440d4fbd80 Thread exited: 0x000001440d4fbd80
Event: 569.835 Thread 0x000001440d4fc410 Thread added: 0x000001440d6f0ef0
Event: 569.952 Thread 0x00000144049d7240 Thread added: 0x000001440c4c91d0
Event: 575.674 Thread 0x000001440c4c91d0 Thread exited: 0x000001440c4c91d0
Event: 630.636 Thread 0x000001440d4fc410 Thread exited: 0x000001440d4fc410
Event: 690.636 Thread 0x000001440d6f0ef0 Thread exited: 0x000001440d6f0ef0
Event: 750.641 Thread 0x000001440d6f0860 Thread exited: 0x000001440d6f0860
Event: 937.093 Thread 0x00000144049b5490 Thread added: 0x000001440c4c8b00
Event: 942.427 Thread 0x000001440c4c8b00 Thread exited: 0x000001440c4c8b00


Dynamic libraries:
0x00007ff67c7f0000 - 0x00007ff67c7fe000 	c:\Users\Admin\.cursor\extensions\redhat.java-1.50.0-win32-x64\jre\21.0.9-win32-x86_64\bin\java.exe
0x00007ffc4a900000 - 0x00007ffc4ab67000 	C:\WINDOWS\SYSTEM32\ntdll.dll
0x00007ffc493d0000 - 0x00007ffc49499000 	C:\WINDOWS\System32\KERNEL32.DLL
0x00007ffc47a50000 - 0x00007ffc47e3f000 	C:\WINDOWS\System32\KERNELBASE.dll
0x00007ffc44a70000 - 0x00007ffc44b0f000 	C:\WINDOWS\SYSTEM32\apphelp.dll
0x00007ffc48550000 - 0x00007ffc4869b000 	C:\WINDOWS\System32\ucrtbase.dll
0x00007ffc18860000 - 0x00007ffc1887e000 	c:\Users\Admin\.cursor\extensions\redhat.java-1.50.0-win32-x64\jre\21.0.9-win32-x86_64\bin\VCRUNTIME140.dll
0x00007ffc1ddc0000 - 0x00007ffc1ddd8000 	c:\Users\Admin\.cursor\extensions\redhat.java-1.50.0-win32-x64\jre\21.0.9-win32-x86_64\bin\jli.dll
0x00007ffc49200000 - 0x00007ffc493c5000 	C:\WINDOWS\System32\USER32.dll
0x00007ffc38480000 - 0x00007ffc38713000 	C:\WINDOWS\WinSxS\amd64_microsoft.windows.common-controls_6595b64144ccf1df_6.0.26100.7309_none_3e05feeae336a044\COMCTL32.dll
0x00007ffc48140000 - 0x00007ffc48167000 	C:\WINDOWS\System32\win32u.dll
0x00007ffc49660000 - 0x00007ffc49709000 	C:\WINDOWS\System32\msvcrt.dll
0x00007ffc48a60000 - 0x00007ffc48a8b000 	C:\WINDOWS\System32\GDI32.dll
0x00007ffc48170000 - 0x00007ffc4829c000 	C:\WINDOWS\System32\gdi32full.dll
0x00007ffc482a0000 - 0x00007ffc48343000 	C:\WINDOWS\System32\msvcp_win.dll
0x00007ffc486a0000 - 0x00007ffc486d1000 	C:\WINDOWS\System32\IMM32.DLL
0x00007ffc3fc30000 - 0x00007ffc3fc3c000 	c:\Users\Admin\.cursor\extensions\redhat.java-1.50.0-win32-x64\jre\21.0.9-win32-x86_64\bin\vcruntime140_1.dll
0x00007ffc10480000 - 0x00007ffc1050d000 	c:\Users\Admin\.cursor\extensions\redhat.java-1.50.0-win32-x64\jre\21.0.9-win32-x86_64\bin\msvcp140.dll
0x00007ffbac1c0000 - 0x00007ffbacf60000 	c:\Users\Admin\.cursor\extensions\redhat.java-1.50.0-win32-x64\jre\21.0.9-win32-x86_64\bin\server\jvm.dll
0x00007ffc49140000 - 0x00007ffc491f4000 	C:\WINDOWS\System32\ADVAPI32.dll
0x00007ffc48cf0000 - 0x00007ffc48d96000 	C:\WINDOWS\System32\sechost.dll
0x00007ffc488c0000 - 0x00007ffc489d8000 	C:\WINDOWS\System32\RPCRT4.dll
0x00007ffc494a0000 - 0x00007ffc49514000 	C:\WINDOWS\System32\WS2_32.dll
0x00007ffc478b0000 - 0x00007ffc4790e000 	C:\WINDOWS\SYSTEM32\POWRPROF.dll
0x00007ffc40290000 - 0x00007ffc4029b000 	C:\WINDOWS\SYSTEM32\VERSION.dll
0x00007ffc3f310000 - 0x00007ffc3f345000 	C:\WINDOWS\SYSTEM32\WINMM.dll
0x00007ffc47890000 - 0x00007ffc478a4000 	C:\WINDOWS\SYSTEM32\UMPDC.dll
0x00007ffc46800000 - 0x00007ffc4681b000 	C:\WINDOWS\SYSTEM32\kernel.appcore.dll
0x00007ffc3fa60000 - 0x00007ffc3fa6a000 	c:\Users\Admin\.cursor\extensions\redhat.java-1.50.0-win32-x64\jre\21.0.9-win32-x86_64\bin\jimage.dll
0x00007ffc2fd70000 - 0x00007ffc2ffb2000 	C:\WINDOWS\SYSTEM32\DBGHELP.DLL
0x00007ffc49710000 - 0x00007ffc49a96000 	C:\WINDOWS\System32\combase.dll
0x00007ffc49520000 - 0x00007ffc495f6000 	C:\WINDOWS\System32\OLEAUT32.dll
0x00007ffc34e60000 - 0x00007ffc34e9c000 	C:\WINDOWS\SYSTEM32\dbgcore.DLL
0x00007ffc484a0000 - 0x00007ffc48545000 	C:\WINDOWS\System32\bcryptPrimitives.dll
0x00007ffc3fa40000 - 0x00007ffc3fa4f000 	c:\Users\Admin\.cursor\extensions\redhat.java-1.50.0-win32-x64\jre\21.0.9-win32-x86_64\bin\instrument.dll
0x00007ffc17b80000 - 0x00007ffc17ba0000 	c:\Users\Admin\.cursor\extensions\redhat.java-1.50.0-win32-x64\jre\21.0.9-win32-x86_64\bin\java.dll
0x00007ffc49aa0000 - 0x00007ffc4a1f3000 	C:\WINDOWS\System32\SHELL32.dll
0x00007ffc47fd0000 - 0x00007ffc4813a000 	C:\WINDOWS\System32\wintypes.dll
0x00007ffc45640000 - 0x00007ffc45e9e000 	C:\WINDOWS\SYSTEM32\windows.storage.dll
0x00007ffc49040000 - 0x00007ffc49134000 	C:\WINDOWS\System32\SHCORE.dll
0x00007ffc489e0000 - 0x00007ffc48a46000 	C:\WINDOWS\System32\shlwapi.dll
0x00007ffc47970000 - 0x00007ffc47999000 	C:\WINDOWS\SYSTEM32\profapi.dll
0x00007ffc179b0000 - 0x00007ffc179c8000 	c:\Users\Admin\.cursor\extensions\redhat.java-1.50.0-win32-x64\jre\21.0.9-win32-x86_64\bin\zip.dll
0x00007ffc3b1e0000 - 0x00007ffc3b1f0000 	C:\Users\Admin\.cursor\extensions\redhat.java-1.50.0-win32-x64\jre\21.0.9-win32-x86_64\bin\net.dll
0x00007ffc3fa90000 - 0x00007ffc3fbb8000 	C:\WINDOWS\SYSTEM32\WINHTTP.dll
0x00007ffc46d70000 - 0x00007ffc46ddb000 	C:\WINDOWS\system32\mswsock.dll
0x00007ffc12a50000 - 0x00007ffc12a66000 	C:\Users\Admin\.cursor\extensions\redhat.java-1.50.0-win32-x64\jre\21.0.9-win32-x86_64\bin\nio.dll
0x00007ffc3ad70000 - 0x00007ffc3ad80000 	c:\Users\Admin\.cursor\extensions\redhat.java-1.50.0-win32-x64\jre\21.0.9-win32-x86_64\bin\verify.dll
0x00007ffc10430000 - 0x00007ffc10474000 	C:\Users\Admin\AppData\Roaming\Cursor\User\globalStorage\redhat.java\1.50.0\config_win\org.eclipse.equinox.launcher\org.eclipse.equinox.launcher.win32.win32.x86_64_1.2.1400.v20250801-0854\eclipse_11916.dll
0x00007ffc48710000 - 0x00007ffc488a7000 	C:\WINDOWS\System32\ole32.dll
0x00007ffc47030000 - 0x00007ffc4704b000 	C:\WINDOWS\SYSTEM32\CRYPTSP.dll
0x00007ffc46760000 - 0x00007ffc4679a000 	C:\WINDOWS\system32\rsaenh.dll
0x00007ffc46e20000 - 0x00007ffc46e4b000 	C:\WINDOWS\SYSTEM32\USERENV.dll
0x00007ffc47940000 - 0x00007ffc4796a000 	C:\WINDOWS\SYSTEM32\bcrypt.dll
0x00007ffc47050000 - 0x00007ffc4705c000 	C:\WINDOWS\SYSTEM32\CRYPTBASE.dll
0x00007ffc461d0000 - 0x00007ffc46204000 	C:\WINDOWS\SYSTEM32\IPHLPAPI.DLL
0x00007ffc4a8b0000 - 0x00007ffc4a8ba000 	C:\WINDOWS\System32\NSI.dll
0x00007ffc103e0000 - 0x00007ffc10429000 	C:\Users\Admin\AppData\Local\Temp\jna-63116079\jna18091422042804204655.dll
0x00007ffc4a820000 - 0x00007ffc4a828000 	C:\WINDOWS\System32\PSAPI.DLL
0x00007ffc402a0000 - 0x00007ffc402be000 	C:\WINDOWS\SYSTEM32\dhcpcsvc6.DLL
0x00007ffc3ffe0000 - 0x00007ffc40003000 	C:\WINDOWS\SYSTEM32\dhcpcsvc.DLL

JVMTI agents:
c:\Users\Admin\.cursor\extensions\redhat.java-1.50.0-win32-x64\lombok\lombok-1.18.39-4050.jar path:c:\Users\Admin\.cursor\extensions\redhat.java-1.50.0-win32-x64\jre\21.0.9-win32-x86_64\bin\instrument.dll, loaded, initialized, instrumentlib options:none

dbghelp: loaded successfully - version: 4.0.5 - missing functions: none
symbol engine: initialized successfully - sym options: 0x614 - pdb path: .;c:\Users\Admin\.cursor\extensions\redhat.java-1.50.0-win32-x64\jre\21.0.9-win32-x86_64\bin;C:\WINDOWS\SYSTEM32;C:\WINDOWS\WinSxS\amd64_microsoft.windows.common-controls_6595b64144ccf1df_6.0.26100.7309_none_3e05feeae336a044;c:\Users\Admin\.cursor\extensions\redhat.java-1.50.0-win32-x64\jre\21.0.9-win32-x86_64\bin\server;C:\Users\Admin\AppData\Roaming\Cursor\User\globalStorage\redhat.java\1.50.0\config_win\org.eclipse.equinox.launcher\org.eclipse.equinox.launcher.win32.win32.x86_64_1.2.1400.v20250801-0854;C:\Users\Admin\AppData\Local\Temp\jna-63116079

VM Arguments:
jvm_args: --add-modules=ALL-SYSTEM --add-opens=java.base/java.util=ALL-UNNAMED --add-opens=java.base/java.lang=ALL-UNNAMED --add-opens=java.base/sun.nio.fs=ALL-UNNAMED -Declipse.application=org.eclipse.jdt.ls.core.id1 -Dosgi.bundles.defaultStartLevel=4 -Declipse.product=org.eclipse.jdt.ls.core.product -Djava.import.generatesMetadataFilesAtProjectRoot=false -DDetectVMInstallationsJob.disabled=true -Dfile.encoding=utf8 -XX:+UseParallelGC -XX:GCTimeRatio=4 -XX:AdaptiveSizePolicyWeight=90 -Dsun.zip.disableMemoryMapping=true -Xmx2G -Xms100m -Xlog:disable -javaagent:c:\Users\Admin\.cursor\extensions\redhat.java-1.50.0-win32-x64\lombok\lombok-1.18.39-4050.jar -XX:+HeapDumpOnOutOfMemoryError -XX:HeapDumpPath=c:\Users\Admin\AppData\Roaming\Cursor\User\workspaceStorage\3b050a97605512c1c387e1cddbd925f0\redhat.java -Daether.dependencyCollector.impl=bf 
java_command: c:\Users\Admin\.cursor\extensions\redhat.java-1.50.0-win32-x64\server\plugins\org.eclipse.equinox.launcher_1.7.100.v20251111-0406.jar -configuration c:\Users\Admin\AppData\Roaming\Cursor\User\globalStorage\redhat.java\1.50.0\config_win -data c:\Users\Admin\AppData\Roaming\Cursor\User\workspaceStorage\3b050a97605512c1c387e1cddbd925f0\redhat.java\jdt_ws --pipe=\\.\pipe\lsp-65d813048b6636dab9b136d7d7eabad6-sock
java_class_path (initial): c:\Users\Admin\.cursor\extensions\redhat.java-1.50.0-win32-x64\server\plugins\org.eclipse.equinox.launcher_1.7.100.v20251111-0406.jar
Launcher Type: SUN_STANDARD

[Global flags]
    uintx AdaptiveSizePolicyWeight                 = 90                                        {product} {command line}
     intx CICompilerCount                          = 4                                         {product} {ergonomic}
    uintx GCTimeRatio                              = 4                                         {product} {command line}
     bool HeapDumpOnOutOfMemoryError               = true                                   {manageable} {command line}
    ccstr HeapDumpPath                             = c:\Users\Admin\AppData\Roaming\Cursor\User\workspaceStorage\3b050a97605512c1c387e1cddbd925f0\redhat.java         {manageable} {command line}
   size_t InitialHeapSize                          = 104857600                                 {product} {command line}
   size_t MaxHeapSize                              = 2147483648                                {product} {command line}
   size_t MaxNewSize                               = 715653120                                 {product} {ergonomic}
   size_t MinHeapDeltaBytes                        = 524288                                    {product} {ergonomic}
   size_t MinHeapSize                              = 104857600                                 {product} {command line}
   size_t NewSize                                  = 34603008                                  {product} {ergonomic}
    uintx NonNMethodCodeHeapSize                   = 5839372                                {pd product} {ergonomic}
    uintx NonProfiledCodeHeapSize                  = 122909434                              {pd product} {ergonomic}
   size_t OldSize                                  = 70254592                                  {product} {ergonomic}
    uintx ProfiledCodeHeapSize                     = 122909434                              {pd product} {ergonomic}
    uintx ReservedCodeCacheSize                    = 251658240                              {pd product} {ergonomic}
     bool SegmentedCodeCache                       = true                                      {product} {ergonomic}
   size_t SoftMaxHeapSize                          = 2147483648                             {manageable} {ergonomic}
     bool UseCompressedOops                        = true                           {product lp64_product} {ergonomic}
     bool UseLargePagesIndividualAllocation        = false                                  {pd product} {ergonomic}
     bool UseParallelGC                            = true                                      {product} {command line}

Logging:
Log output configuration:
 #0: stdout all=off uptime,level,tags foldmultilines=false
 #1: stderr all=off uptime,level,tags foldmultilines=false

Release file:
JAVA_VERSION="21.0.9" 
MODULES="java.base java.compiler java.datatransfer java.xml java.prefs java.desktop java.instrument java.logging java.management java.security.sasl java.naming java.rmi java.management.rmi java.net.http java.scripting java.security.jgss java.transaction.xa java.sql java.sql.rowset java.xml.crypto java.se java.smartcardio jdk.accessibility jdk.internal.jvmstat jdk.attach jdk.charsets jdk.internal.opt jdk.zipfs jdk.compiler jdk.crypto.ec jdk.crypto.cryptoki jdk.crypto.mscapi jdk.dynalink jdk.internal.ed jdk.editpad jdk.hotspot.agent jdk.httpserver jdk.internal.le jdk.internal.vm.ci jdk.internal.vm.compiler jdk.internal.vm.compiler.management jdk.jartool jdk.javadoc jdk.jcmd jdk.management jdk.management.agent jdk.jconsole jdk.jdeps jdk.jdwp.agent jdk.jdi jdk.jfr jdk.jshell jdk.jsobject jdk.jstatd jdk.localedata jdk.management.jfr jdk.naming.dns jdk.naming.rmi jdk.net jdk.nio.mapmode jdk.random jdk.sctp jdk.security.auth jdk.security.jgss jdk.unsupported jdk.unsupported.desktop jdk.xml.dom" 

Environment Variables:
JAVA_HOME=C:\Users\Admin\.jdk\jdk-17.0.12+7
PATH=C:\Program Files (x86)\Common Files\Oracle\Java\java8path;C:\Program Files (x86)\Common Files\Oracle\Java\javapath;C:\Python313\Scripts\;C:\Python313\;C:\WINDOWS\system32;C:\WINDOWS;C:\WINDOWS\System32\Wbem;C:\WINDOWS\System32\WindowsPowerShell\v1.0\;C:\WINDOWS\System32\OpenSSH\;C:\Program Files\Java\jdk-17\bin;C:\Program Files\nodejs\;C:\ProgramData\chocolatey\bin;C:\Program Files\Python313;C:\Program Files\Git\cmd;c:\Users\Admin\AppData\Local\Programs\cursor\resources\app\bin;C:\Program Files\MongoDB\Server\8.2\bin;C:\Users\Admin\.maven\apache-maven-3.9.11\bin;C:\Program Files\MySQL\MySQL Shell 8.0\bin\;C:\Users\Admin\AppData\Local\Microsoft\WindowsApps;C:\Users\Admin\AppData\Local\Programs\Microsoft VS Code\bin;C:\Users\Admin\AppData\Roaming\npm;C:\Users\Admin\AppData\Local\Programs\cursor\resources\app\bin
USERNAME=Admin
OS=Windows_NT
PROCESSOR_IDENTIFIER=AMD64 Family 23 Model 96 Stepping 1, AuthenticAMD
TMP=C:\Users\Admin\AppData\Local\Temp
TEMP=C:\Users\Admin\AppData\Local\Temp




Periodic native trim disabled

---------------  S Y S T E M  ---------------

OS:
 Windows 11 , 64 bit Build 26100 (10.0.26100.7309)
OS uptime: 0 days 4:43 hours
Hyper-V role detected

CPU: total 12 (initial active 12) (12 cores per cpu, 2 threads per core) family 23 model 96 stepping 1 microcode 0x8600103, cx8, cmov, fxsr, ht, mmx, 3dnowpref, sse, sse2, sse3, ssse3, sse4a, sse4.1, sse4.2, popcnt, lzcnt, tsc, tscinvbit, avx, avx2, aes, clmul, bmi1, bmi2, adx, sha, fma, vzeroupper, clflush, clflushopt, hv, rdtscp, rdpid, f16c
Processor Information for the first 12 processors :
  Max Mhz: 3000, Current Mhz: 3000, Mhz Limit: 3000

Memory: 4k page, system-wide physical 15741M (2538M free)
TotalPageFile size 19935M (AvailPageFile size 116M)
current process WorkingSet (physical memory assigned to process): 110M, peak: 301M
current process commit charge ("private bytes"): 343M, peak: 385M

vm_info: OpenJDK 64-Bit Server VM (21.0.9+10-LTS) for windows-amd64 JRE (21.0.9+10-LTS), built on 2025-10-21T00:00:00Z by "admin" with unknown MS VC++:1942

END.
